<?xml version="1.0" encoding="UTF-8"?>
<!-- Generated by org.testng.reporters.JUnitReportReporter -->
<testsuite hostname="DESKTOP-1K5HUI9" failures="0" tests="2" name="org.rahulshettyacademy.eCommarce_tc_2" time="33.992" errors="0" timestamp="2022-09-20T19:15:21 BDT" skipped="0">
  <testcase classname="org.rahulshettyacademy.eCommarce_tc_2" name="FillForm" time="14.328"/>
  <system-out/>
  <testcase classname="org.rahulshettyacademy.eCommarce_tc_2" name="FillForm" time="19.664"/>
  <system-out/>
</testsuite> <!-- org.rahulshettyacademy.eCommarce_tc_2 -->
