<?xml version="1.0" encoding="UTF-8"?>
<!-- Generated by org.testng.reporters.JUnitReportReporter -->
<testsuite hostname="DESKTOP-1K5HUI9" failures="0" tests="2" name="org.rahulshettyacademy.eCommerce_tc_1" time="30.330" errors="0" timestamp="2022-09-20T19:15:21 BDT" skipped="0">
  <testcase classname="org.rahulshettyacademy.eCommerce_tc_1" name="FillForm_ErrorValidation" time="21.148"/>
  <system-out/>
  <testcase classname="org.rahulshettyacademy.eCommerce_tc_1" name="FillForm_PositileFlow" time="9.182"/>
  <system-out/>
</testsuite> <!-- org.rahulshettyacademy.eCommerce_tc_1 -->
